<?xml version="1.0" encoding="UTF-8"?>
<!-- Generated by org.testng.reporters.JUnitReportReporter -->
<testsuite hostname="DESKTOP-OUALD5U" failures="0" tests="3" name="com.swaglabs.runner.Runner" time="41.596" errors="0" timestamp="2024-09-12T16:07:29 IST" skipped="0">
  <testcase classname="com.swaglabs.runner.Runner" name="runScenario" time="12.778"/>
  <system-out/>
  <testcase classname="com.swaglabs.runner.Runner" name="runScenario" time="13.069"/>
  <system-out/>
  <testcase classname="com.swaglabs.runner.Runner" name="runScenario" time="15.749"/>
  <system-out/>
</testsuite> <!-- com.swaglabs.runner.Runner -->
